<?xml version="1.0" encoding="UTF-8"?>
<testng-results ignored="0" total="1" passed="1" failed="0" skipped="0">
  <reporter-output>
  </reporter-output>
  <suite started-at="2023-03-14T15:14:34 IST" name="Default suite" finished-at="2023-03-14T15:14:44 IST" duration-ms="9452">
    <groups>
    </groups>
    <test started-at="2023-03-14T15:14:34 IST" name="Default test" finished-at="2023-03-14T15:14:44 IST" duration-ms="9452">
      <class name="nikhitasarole1.ExtentReport.ExtentReporttest">
        <test-method is-config="true" signature="config()[pri:0, instance:nikhitasarole1.ExtentReport.ExtentReporttest@5d534f5d]" started-at="2023-03-14T15:14:34 IST" name="config" finished-at="2023-03-14T15:14:35 IST" duration-ms="659" status="PASS">
          <reporter-output>
          </reporter-output>
        </test-method> <!-- config -->
        <test-method signature="initialDemo()[pri:0, instance:nikhitasarole1.ExtentReport.ExtentReporttest@5d534f5d]" started-at="2023-03-14T15:14:35 IST" name="initialDemo" finished-at="2023-03-14T15:14:43 IST" duration-ms="8674" status="PASS">
          <reporter-output>
          </reporter-output>
        </test-method> <!-- initialDemo -->
      </class> <!-- nikhitasarole1.ExtentReport.ExtentReporttest -->
    </test> <!-- Default test -->
  </suite> <!-- Default suite -->
</testng-results>
